CRITICAL - 2023-07-12 13:47:50 --> Class "App\Controllers\Entrevistas_model" not found
in APPPATH\Controllers\VagasCandidatos.php on line 22.
 1 SYSTEMPATH\CodeIgniter.php(904): App\Controllers\VagasCandidatos->__construct()
 2 SYSTEMPATH\CodeIgniter.php(488): CodeIgniter\CodeIgniter->createController()
 3 SYSTEMPATH\CodeIgniter.php(366): CodeIgniter\CodeIgniter->handleRequest(null, Object(Config\Cache), false)
 4 FCPATH\index.php(67): CodeIgniter\CodeIgniter->run()
CRITICAL - 2023-07-12 13:50:40 --> Class "App\Controllers\Entrevistas_model" not found
in APPPATH\Controllers\VagasCandidatos.php on line 22.
 1 SYSTEMPATH\CodeIgniter.php(904): App\Controllers\VagasCandidatos->__construct()
 2 SYSTEMPATH\CodeIgniter.php(488): CodeIgniter\CodeIgniter->createController()
 3 SYSTEMPATH\CodeIgniter.php(366): CodeIgniter\CodeIgniter->handleRequest(null, Object(Config\Cache), false)
 4 FCPATH\index.php(67): CodeIgniter\CodeIgniter->run()
CRITICAL - 2023-07-12 19:07:05 --> Cannot declare class App\Controllers\VagasCandidatos, because the name is already in use
in APPPATH\Controllers\VagasCandidatos.php on line 168.
 1 [internal function]: CodeIgniter\Debug\Exceptions->shutdownHandler()
CRITICAL - 2023-07-12 19:16:38 --> Cannot declare class App\Controllers\VagasCandidatos, because the name is already in use
in APPPATH\Controllers\VagasCandidatos.php on line 168.
 1 [internal function]: CodeIgniter\Debug\Exceptions->shutdownHandler()
CRITICAL - 2023-07-12 19:25:38 --> Cannot declare class App\Controllers\VagasCandidatos, because the name is already in use
in APPPATH\Controllers\VagasCandidatos.php on line 168.
 1 [internal function]: CodeIgniter\Debug\Exceptions->shutdownHandler()
