CRITICAL - 2023-07-11 17:47:27 --> Unclosed '{' on line 87
in APPPATH\Controllers\VagasCandidatos.php on line 94.
 1 SYSTEMPATH\Autoloader\Autoloader.php(289): CodeIgniter\Autoloader\Autoloader->includeFile('C:\\xampp\\htdocs\\paginas\\app\\Controllers\\VagasCandidatos.php')
 2 SYSTEMPATH\Autoloader\Autoloader.php(267): CodeIgniter\Autoloader\Autoloader->loadInNamespace('App\\Controllers\\VagasCandidatos')
 3 [internal function]: CodeIgniter\Autoloader\Autoloader->loadClass('App\\Controllers\\VagasCandidatos')
 4 SYSTEMPATH\CodeIgniter.php(890): class_exists('\\App\\Controllers\\VagasCandidatos', true)
 5 SYSTEMPATH\CodeIgniter.php(484): CodeIgniter\CodeIgniter->startController()
 6 SYSTEMPATH\CodeIgniter.php(366): CodeIgniter\CodeIgniter->handleRequest(null, Object(Config\Cache), false)
 7 FCPATH\index.php(67): CodeIgniter\CodeIgniter->run()
CRITICAL - 2023-07-11 17:48:34 --> Unclosed '{' on line 9
in APPPATH\Controllers\VagasCandidatos.php on line 106.
 1 SYSTEMPATH\Autoloader\Autoloader.php(289): CodeIgniter\Autoloader\Autoloader->includeFile('C:\\xampp\\htdocs\\paginas\\app\\Controllers\\VagasCandidatos.php')
 2 SYSTEMPATH\Autoloader\Autoloader.php(267): CodeIgniter\Autoloader\Autoloader->loadInNamespace('App\\Controllers\\VagasCandidatos')
 3 [internal function]: CodeIgniter\Autoloader\Autoloader->loadClass('App\\Controllers\\VagasCandidatos')
 4 SYSTEMPATH\CodeIgniter.php(890): class_exists('\\App\\Controllers\\VagasCandidatos', true)
 5 SYSTEMPATH\CodeIgniter.php(484): CodeIgniter\CodeIgniter->startController()
 6 SYSTEMPATH\CodeIgniter.php(366): CodeIgniter\CodeIgniter->handleRequest(null, Object(Config\Cache), false)
 7 FCPATH\index.php(67): CodeIgniter\CodeIgniter->run()
CRITICAL - 2023-07-11 20:05:21 --> Cannot redeclare App\Models\Candidatos_model::getCandidatosByVaga()
in APPPATH\Models\Candidatos_model.php on line 31.
 1 [internal function]: CodeIgniter\Debug\Exceptions->shutdownHandler()
