CRITICAL - 2023-07-16 00:03:46 --> syntax error, unexpected token "else", expecting "function" or "const"
in APPPATH\Controllers\LoginController.php on line 25.
 1 SYSTEMPATH\Autoloader\Autoloader.php(289): CodeIgniter\Autoloader\Autoloader->includeFile('C:\\xampp\\htdocs\\paginas\\app\\Controllers\\LoginController.php')
 2 SYSTEMPATH\Autoloader\Autoloader.php(267): CodeIgniter\Autoloader\Autoloader->loadInNamespace('App\\Controllers\\LoginController')
 3 [internal function]: CodeIgniter\Autoloader\Autoloader->loadClass('App\\Controllers\\LoginController')
 4 SYSTEMPATH\CodeIgniter.php(890): class_exists('\\App\\Controllers\\LoginController', true)
 5 SYSTEMPATH\CodeIgniter.php(484): CodeIgniter\CodeIgniter->startController()
 6 SYSTEMPATH\CodeIgniter.php(366): CodeIgniter\CodeIgniter->handleRequest(null, Object(Config\Cache), false)
 7 FCPATH\index.php(67): CodeIgniter\CodeIgniter->run()
CRITICAL - 2023-07-16 00:07:51 --> Undefined variable $vagas
in APPPATH\Views\pagina2.php on line 61.
 1 APPPATH\Views\pagina2.php(61): CodeIgniter\Debug\Exceptions->errorHandler(2, 'Undefined variable $vagas', 'C:\\xampp\\htdocs\\paginas\\app\\Views\\pagina2.php', 61)
 2 SYSTEMPATH\View\View.php(224): include('C:\\xampp\\htdocs\\paginas\\app\\Views\\pagina2.php')
 3 SYSTEMPATH\View\View.php(227): CodeIgniter\View\View->CodeIgniter\View\{closure}()
 4 SYSTEMPATH\Common.php(1180): CodeIgniter\View\View->render('pagina2', [], true)
 5 APPPATH\Controllers\LoginController.php(19): view('pagina2')
 6 SYSTEMPATH\CodeIgniter.php(932): App\Controllers\LoginController->login()
 7 SYSTEMPATH\CodeIgniter.php(497): CodeIgniter\CodeIgniter->runController(Object(App\Controllers\LoginController))
 8 SYSTEMPATH\CodeIgniter.php(366): CodeIgniter\CodeIgniter->handleRequest(null, Object(Config\Cache), false)
 9 FCPATH\index.php(67): CodeIgniter\CodeIgniter->run()
CRITICAL - 2023-07-16 00:07:59 --> Undefined variable $vagas
in APPPATH\Views\pagina2.php on line 61.
 1 APPPATH\Views\pagina2.php(61): CodeIgniter\Debug\Exceptions->errorHandler(2, 'Undefined variable $vagas', 'C:\\xampp\\htdocs\\paginas\\app\\Views\\pagina2.php', 61)
 2 SYSTEMPATH\View\View.php(224): include('C:\\xampp\\htdocs\\paginas\\app\\Views\\pagina2.php')
 3 SYSTEMPATH\View\View.php(227): CodeIgniter\View\View->CodeIgniter\View\{closure}()
 4 SYSTEMPATH\Common.php(1180): CodeIgniter\View\View->render('pagina2', [], true)
 5 APPPATH\Controllers\LoginController.php(19): view('pagina2')
 6 SYSTEMPATH\CodeIgniter.php(932): App\Controllers\LoginController->login()
 7 SYSTEMPATH\CodeIgniter.php(497): CodeIgniter\CodeIgniter->runController(Object(App\Controllers\LoginController))
 8 SYSTEMPATH\CodeIgniter.php(366): CodeIgniter\CodeIgniter->handleRequest(null, Object(Config\Cache), false)
 9 FCPATH\index.php(67): CodeIgniter\CodeIgniter->run()
CRITICAL - 2023-07-16 00:10:03 --> Undefined variable $vagas
in APPPATH\Views\pagina2.php on line 61.
 1 APPPATH\Views\pagina2.php(61): CodeIgniter\Debug\Exceptions->errorHandler(2, 'Undefined variable $vagas', 'C:\\xampp\\htdocs\\paginas\\app\\Views\\pagina2.php', 61)
 2 SYSTEMPATH\View\View.php(224): include('C:\\xampp\\htdocs\\paginas\\app\\Views\\pagina2.php')
 3 SYSTEMPATH\View\View.php(227): CodeIgniter\View\View->CodeIgniter\View\{closure}()
 4 SYSTEMPATH\Common.php(1180): CodeIgniter\View\View->render('pagina2', [], true)
 5 APPPATH\Controllers\LoginController.php(19): view('pagina2')
 6 SYSTEMPATH\CodeIgniter.php(932): App\Controllers\LoginController->login()
 7 SYSTEMPATH\CodeIgniter.php(497): CodeIgniter\CodeIgniter->runController(Object(App\Controllers\LoginController))
 8 SYSTEMPATH\CodeIgniter.php(366): CodeIgniter\CodeIgniter->handleRequest(null, Object(Config\Cache), false)
 9 FCPATH\index.php(67): CodeIgniter\CodeIgniter->run()
CRITICAL - 2023-07-16 00:13:25 --> Undefined variable $vagas
in APPPATH\Views\pagina2.php on line 61.
 1 APPPATH\Views\pagina2.php(61): CodeIgniter\Debug\Exceptions->errorHandler(2, 'Undefined variable $vagas', 'C:\\xampp\\htdocs\\paginas\\app\\Views\\pagina2.php', 61)
 2 SYSTEMPATH\View\View.php(224): include('C:\\xampp\\htdocs\\paginas\\app\\Views\\pagina2.php')
 3 SYSTEMPATH\View\View.php(227): CodeIgniter\View\View->CodeIgniter\View\{closure}()
 4 SYSTEMPATH\Common.php(1180): CodeIgniter\View\View->render('pagina2', [], true)
 5 APPPATH\Controllers\LoginController.php(19): view('pagina2')
 6 SYSTEMPATH\CodeIgniter.php(932): App\Controllers\LoginController->login()
 7 SYSTEMPATH\CodeIgniter.php(497): CodeIgniter\CodeIgniter->runController(Object(App\Controllers\LoginController))
 8 SYSTEMPATH\CodeIgniter.php(366): CodeIgniter\CodeIgniter->handleRequest(null, Object(Config\Cache), false)
 9 FCPATH\index.php(67): CodeIgniter\CodeIgniter->run()
CRITICAL - 2023-07-16 00:13:26 --> Undefined variable $vagas
in APPPATH\Views\pagina2.php on line 61.
 1 APPPATH\Views\pagina2.php(61): CodeIgniter\Debug\Exceptions->errorHandler(2, 'Undefined variable $vagas', 'C:\\xampp\\htdocs\\paginas\\app\\Views\\pagina2.php', 61)
 2 SYSTEMPATH\View\View.php(224): include('C:\\xampp\\htdocs\\paginas\\app\\Views\\pagina2.php')
 3 SYSTEMPATH\View\View.php(227): CodeIgniter\View\View->CodeIgniter\View\{closure}()
 4 SYSTEMPATH\Common.php(1180): CodeIgniter\View\View->render('pagina2', [], true)
 5 APPPATH\Controllers\LoginController.php(19): view('pagina2')
 6 SYSTEMPATH\CodeIgniter.php(932): App\Controllers\LoginController->login()
 7 SYSTEMPATH\CodeIgniter.php(497): CodeIgniter\CodeIgniter->runController(Object(App\Controllers\LoginController))
 8 SYSTEMPATH\CodeIgniter.php(366): CodeIgniter\CodeIgniter->handleRequest(null, Object(Config\Cache), false)
 9 FCPATH\index.php(67): CodeIgniter\CodeIgniter->run()
CRITICAL - 2023-07-16 00:15:54 --> Undefined variable $vagas
in APPPATH\Views\pagina2.php on line 61.
 1 APPPATH\Views\pagina2.php(61): CodeIgniter\Debug\Exceptions->errorHandler(2, 'Undefined variable $vagas', 'C:\\xampp\\htdocs\\paginas\\app\\Views\\pagina2.php', 61)
 2 SYSTEMPATH\View\View.php(224): include('C:\\xampp\\htdocs\\paginas\\app\\Views\\pagina2.php')
 3 SYSTEMPATH\View\View.php(227): CodeIgniter\View\View->CodeIgniter\View\{closure}()
 4 SYSTEMPATH\Common.php(1180): CodeIgniter\View\View->render('pagina2', [], true)
 5 APPPATH\Controllers\LoginController.php(19): view('pagina2')
 6 SYSTEMPATH\CodeIgniter.php(932): App\Controllers\LoginController->login()
 7 SYSTEMPATH\CodeIgniter.php(497): CodeIgniter\CodeIgniter->runController(Object(App\Controllers\LoginController))
 8 SYSTEMPATH\CodeIgniter.php(366): CodeIgniter\CodeIgniter->handleRequest(null, Object(Config\Cache), false)
 9 FCPATH\index.php(67): CodeIgniter\CodeIgniter->run()
CRITICAL - 2023-07-16 00:17:02 --> Class "App\Models\TesteModel" not found
in APPPATH\Controllers\RecrutamentoController.php on line 27.
 1 SYSTEMPATH\CodeIgniter.php(904): App\Controllers\RecrutamentoController->__construct()
 2 SYSTEMPATH\CodeIgniter.php(488): CodeIgniter\CodeIgniter->createController()
 3 SYSTEMPATH\CodeIgniter.php(366): CodeIgniter\CodeIgniter->handleRequest(null, Object(Config\Cache), false)
 4 FCPATH\index.php(67): CodeIgniter\CodeIgniter->run()
CRITICAL - 2023-07-16 00:18:35 --> Class "App\Models\TesteModel" not found
in APPPATH\Controllers\RecrutamentoController.php on line 28.
 1 SYSTEMPATH\CodeIgniter.php(904): App\Controllers\RecrutamentoController->__construct()
 2 SYSTEMPATH\CodeIgniter.php(488): CodeIgniter\CodeIgniter->createController()
 3 SYSTEMPATH\CodeIgniter.php(366): CodeIgniter\CodeIgniter->handleRequest(null, Object(Config\Cache), false)
 4 FCPATH\index.php(67): CodeIgniter\CodeIgniter->run()
CRITICAL - 2023-07-16 00:20:42 --> Class "App\Models\TesteModel" not found
in APPPATH\Controllers\RecrutamentoController.php on line 28.
 1 SYSTEMPATH\CodeIgniter.php(904): App\Controllers\RecrutamentoController->__construct()
 2 SYSTEMPATH\CodeIgniter.php(488): CodeIgniter\CodeIgniter->createController()
 3 SYSTEMPATH\CodeIgniter.php(366): CodeIgniter\CodeIgniter->handleRequest(null, Object(Config\Cache), false)
 4 FCPATH\index.php(67): CodeIgniter\CodeIgniter->run()
CRITICAL - 2023-07-16 00:24:23 --> Class "App\Models\TesteModel" not found
in APPPATH\Controllers\RecrutamentoController.php on line 27.
 1 SYSTEMPATH\CodeIgniter.php(904): App\Controllers\RecrutamentoController->__construct()
 2 SYSTEMPATH\CodeIgniter.php(488): CodeIgniter\CodeIgniter->createController()
 3 SYSTEMPATH\CodeIgniter.php(366): CodeIgniter\CodeIgniter->handleRequest(null, Object(Config\Cache), false)
 4 FCPATH\index.php(67): CodeIgniter\CodeIgniter->run()
CRITICAL - 2023-07-16 00:25:14 --> Class "App\Models\MensagemModel" not found
in APPPATH\Controllers\RecrutamentoController.php on line 25.
 1 SYSTEMPATH\CodeIgniter.php(904): App\Controllers\RecrutamentoController->__construct()
 2 SYSTEMPATH\CodeIgniter.php(488): CodeIgniter\CodeIgniter->createController()
 3 SYSTEMPATH\CodeIgniter.php(366): CodeIgniter\CodeIgniter->handleRequest(null, Object(Config\Cache), false)
 4 FCPATH\index.php(67): CodeIgniter\CodeIgniter->run()
CRITICAL - 2023-07-16 00:25:36 --> Class "App\Models\CandidaturaModel" not found
in APPPATH\Controllers\RecrutamentoController.php on line 23.
 1 SYSTEMPATH\CodeIgniter.php(904): App\Controllers\RecrutamentoController->__construct()
 2 SYSTEMPATH\CodeIgniter.php(488): CodeIgniter\CodeIgniter->createController()
 3 SYSTEMPATH\CodeIgniter.php(366): CodeIgniter\CodeIgniter->handleRequest(null, Object(Config\Cache), false)
 4 FCPATH\index.php(67): CodeIgniter\CodeIgniter->run()
INFO - 2023-07-16 00:26:49 --> Session: Class initialized using 'CodeIgniter\Session\Handlers\FileHandler' driver.
INFO - 2023-07-16 00:27:04 --> Session: Class initialized using 'CodeIgniter\Session\Handlers\FileHandler' driver.
INFO - 2023-07-16 00:27:04 --> Session: Class initialized using 'CodeIgniter\Session\Handlers\FileHandler' driver.
INFO - 2023-07-16 00:27:20 --> Session: Class initialized using 'CodeIgniter\Session\Handlers\FileHandler' driver.
INFO - 2023-07-16 00:27:22 --> Session: Class initialized using 'CodeIgniter\Session\Handlers\FileHandler' driver.
INFO - 2023-07-16 00:27:25 --> Session: Class initialized using 'CodeIgniter\Session\Handlers\FileHandler' driver.
INFO - 2023-07-16 00:27:25 --> Session: Class initialized using 'CodeIgniter\Session\Handlers\FileHandler' driver.
INFO - 2023-07-16 00:27:26 --> Session: Class initialized using 'CodeIgniter\Session\Handlers\FileHandler' driver.
INFO - 2023-07-16 00:27:27 --> Session: Class initialized using 'CodeIgniter\Session\Handlers\FileHandler' driver.
INFO - 2023-07-16 00:27:48 --> Session: Class initialized using 'CodeIgniter\Session\Handlers\FileHandler' driver.
INFO - 2023-07-16 00:28:05 --> Session: Class initialized using 'CodeIgniter\Session\Handlers\FileHandler' driver.
INFO - 2023-07-16 00:28:05 --> Session: Class initialized using 'CodeIgniter\Session\Handlers\FileHandler' driver.
INFO - 2023-07-16 00:28:06 --> Session: Class initialized using 'CodeIgniter\Session\Handlers\FileHandler' driver.
INFO - 2023-07-16 00:28:23 --> Session: Class initialized using 'CodeIgniter\Session\Handlers\FileHandler' driver.
INFO - 2023-07-16 00:28:23 --> Session: Class initialized using 'CodeIgniter\Session\Handlers\FileHandler' driver.
INFO - 2023-07-16 00:28:25 --> Session: Class initialized using 'CodeIgniter\Session\Handlers\FileHandler' driver.
INFO - 2023-07-16 00:28:30 --> Session: Class initialized using 'CodeIgniter\Session\Handlers\FileHandler' driver.
INFO - 2023-07-16 00:28:55 --> Session: Class initialized using 'CodeIgniter\Session\Handlers\FileHandler' driver.
INFO - 2023-07-16 00:28:55 --> Session: Class initialized using 'CodeIgniter\Session\Handlers\FileHandler' driver.
INFO - 2023-07-16 00:28:57 --> Session: Class initialized using 'CodeIgniter\Session\Handlers\FileHandler' driver.
INFO - 2023-07-16 00:29:03 --> Session: Class initialized using 'CodeIgniter\Session\Handlers\FileHandler' driver.
INFO - 2023-07-16 00:29:11 --> Session: Class initialized using 'CodeIgniter\Session\Handlers\FileHandler' driver.
INFO - 2023-07-16 00:29:13 --> Session: Class initialized using 'CodeIgniter\Session\Handlers\FileHandler' driver.
INFO - 2023-07-16 00:32:57 --> Session: Class initialized using 'CodeIgniter\Session\Handlers\FileHandler' driver.
INFO - 2023-07-16 00:33:23 --> Session: Class initialized using 'CodeIgniter\Session\Handlers\FileHandler' driver.
<<<<<<< HEAD
=======
INFO - 2023-07-16 20:51:53 --> Session: Class initialized using 'CodeIgniter\Session\Handlers\FileHandler' driver.
>>>>>>> 51c37fe912e8f9ea43f407f114379b7b6eb5cd01
